<?xml version="1.0" encoding="UTF-8"?>
<testng-results ignored="0" total="8" passed="8" failed="0" skipped="0">
  <reporter-output>
  </reporter-output>
  <suite started-at="2020-11-01T00:52:47Z" name="Localhost" finished-at="2020-11-01T00:52:58Z" duration-ms="10831">
    <groups>
    </groups>
    <test started-at="2020-11-01T00:52:47Z" name="Regression" finished-at="2020-11-01T00:52:58Z" duration-ms="10831">
      <class name="RandomTest">
        <test-method is-config="true" signature="SetupRestAssured(java.lang.String)[pri:0, instance:RandomTest@3646a422]" started-at="2020-11-01T00:52:53Z" name="SetupRestAssured" finished-at="2020-11-01T00:52:53Z" duration-ms="1" status="PASS">
          <params>
            <param index="0">
              <value>
                <![CDATA[https://api-coffee-testing.herokuapp.com/v1/examen]]>
              </value>
            </param>
          </params>
          <reporter-output>
          </reporter-output>
        </test-method> <!-- SetupRestAssured -->
        <test-method is-config="true" signature="before()[pri:0, instance:RandomTest@3646a422]" started-at="2020-11-01T00:52:53Z" name="before" finished-at="2020-11-01T00:52:53Z" duration-ms="1" status="PASS">
          <reporter-output>
          </reporter-output>
        </test-method> <!-- before -->
        <test-method signature="FighterNameIsCorrect()[pri:0, instance:RandomTest@3646a422]" started-at="2020-11-01T00:52:53Z" name="FighterNameIsCorrect" finished-at="2020-11-01T00:52:54Z" duration-ms="1075" status="PASS">
          <reporter-output>
          </reporter-output>
        </test-method> <!-- FighterNameIsCorrect -->
        <test-method is-config="true" signature="before()[pri:0, instance:RandomTest@3646a422]" started-at="2020-11-01T00:52:54Z" name="before" finished-at="2020-11-01T00:52:54Z" duration-ms="1" status="PASS">
          <reporter-output>
          </reporter-output>
        </test-method> <!-- before -->
        <test-method signature="Random_Name_Correct_Status_Test()[pri:0, instance:RandomTest@3646a422]" started-at="2020-11-01T00:52:54Z" name="Random_Name_Correct_Status_Test" finished-at="2020-11-01T00:52:55Z" duration-ms="993" status="PASS">
          <reporter-output>
          </reporter-output>
        </test-method> <!-- Random_Name_Correct_Status_Test -->
        <test-method is-config="true" signature="before()[pri:0, instance:RandomTest@3646a422]" started-at="2020-11-01T00:52:55Z" name="before" finished-at="2020-11-01T00:52:55Z" duration-ms="1" status="PASS">
          <reporter-output>
          </reporter-output>
        </test-method> <!-- before -->
        <test-method signature="Random_Name_Incorrect_Status_Test()[pri:0, instance:RandomTest@3646a422]" started-at="2020-11-01T00:52:55Z" name="Random_Name_Incorrect_Status_Test" finished-at="2020-11-01T00:52:56Z" duration-ms="794" status="PASS">
          <reporter-output>
          </reporter-output>
        </test-method> <!-- Random_Name_Incorrect_Status_Test -->
        <test-method signature="submit_Same_Name()[pri:0, instance:RandomTest@3646a422]" started-at="2020-11-01T00:52:56Z" name="submit_Same_Name" finished-at="2020-11-01T00:52:57Z" duration-ms="1561" status="PASS">
          <reporter-output>
          </reporter-output>
        </test-method> <!-- submit_Same_Name -->
        <test-method is-config="true" signature="before()[pri:0, instance:RandomTest@3646a422]" started-at="2020-11-01T00:52:56Z" name="before" finished-at="2020-11-01T00:52:56Z" duration-ms="0" status="PASS">
          <reporter-output>
          </reporter-output>
        </test-method> <!-- before -->
      </class> <!-- RandomTest -->
      <class name="UpdateTest">
        <test-method is-config="true" signature="SetupRestAssured(java.lang.String)[pri:0, instance:UpdateTest@750e2b97]" started-at="2020-11-01T00:52:57Z" name="SetupRestAssured" finished-at="2020-11-01T00:52:57Z" duration-ms="1" status="PASS">
          <params>
            <param index="0">
              <value>
                <![CDATA[https://api-coffee-testing.herokuapp.com/v1/examen]]>
              </value>
            </param>
          </params>
          <reporter-output>
          </reporter-output>
        </test-method> <!-- SetupRestAssured -->
        <test-method is-config="true" signature="before()[pri:0, instance:UpdateTest@750e2b97]" started-at="2020-11-01T00:52:57Z" name="before" finished-at="2020-11-01T00:52:57Z" duration-ms="2" status="PASS">
          <reporter-output>
          </reporter-output>
        </test-method> <!-- before -->
        <test-method signature="UpdateFighter()[pri:0, instance:UpdateTest@750e2b97]" started-at="2020-11-01T00:52:57Z" name="UpdateFighter" finished-at="2020-11-01T00:52:58Z" duration-ms="794" status="PASS">
          <reporter-output>
          </reporter-output>
        </test-method> <!-- UpdateFighter -->
      </class> <!-- UpdateTest -->
      <class name="StatusTest">
        <test-method is-config="true" signature="SetupRestAssured(java.lang.String)[pri:0, instance:StatusTest@5ab956d7]" started-at="2020-11-01T00:52:47Z" name="SetupRestAssured" finished-at="2020-11-01T00:52:48Z" duration-ms="894" status="PASS">
          <params>
            <param index="0">
              <value>
                <![CDATA[https://api-coffee-testing.herokuapp.com/v1/examen]]>
              </value>
            </param>
          </params>
          <reporter-output>
          </reporter-output>
        </test-method> <!-- SetupRestAssured -->
        <test-method is-config="true" signature="before()[pri:0, instance:StatusTest@5ab956d7]" started-at="2020-11-01T00:52:48Z" name="before" finished-at="2020-11-01T00:52:48Z" duration-ms="226" status="PASS">
          <reporter-output>
          </reporter-output>
        </test-method> <!-- before -->
        <test-method signature="CorrectStatus_Code_Test()[pri:0, instance:StatusTest@5ab956d7]" started-at="2020-11-01T00:52:48Z" name="CorrectStatus_Code_Test" finished-at="2020-11-01T00:52:51Z" duration-ms="2237" status="PASS">
          <reporter-output>
          </reporter-output>
        </test-method> <!-- CorrectStatus_Code_Test -->
        <test-method is-config="true" signature="before()[pri:0, instance:StatusTest@5ab956d7]" started-at="2020-11-01T00:52:51Z" name="before" finished-at="2020-11-01T00:52:51Z" duration-ms="1" status="PASS">
          <reporter-output>
          </reporter-output>
        </test-method> <!-- before -->
        <test-method signature="Correct_String_Test()[pri:0, instance:StatusTest@5ab956d7]" started-at="2020-11-01T00:52:51Z" name="Correct_String_Test" finished-at="2020-11-01T00:52:52Z" duration-ms="1427" status="PASS">
          <reporter-output>
          </reporter-output>
        </test-method> <!-- Correct_String_Test -->
        <test-method is-config="true" signature="before()[pri:0, instance:StatusTest@5ab956d7]" started-at="2020-11-01T00:52:52Z" name="before" finished-at="2020-11-01T00:52:52Z" duration-ms="1" status="PASS">
          <reporter-output>
          </reporter-output>
        </test-method> <!-- before -->
        <test-method signature="Status_Wrong_Page_Test()[pri:0, instance:StatusTest@5ab956d7]" started-at="2020-11-01T00:52:52Z" name="Status_Wrong_Page_Test" finished-at="2020-11-01T00:52:53Z" duration-ms="801" status="PASS">
          <reporter-output>
          </reporter-output>
        </test-method> <!-- Status_Wrong_Page_Test -->
      </class> <!-- StatusTest -->
    </test> <!-- Regression -->
  </suite> <!-- Localhost -->
</testng-results>
