<?xml version="1.0" encoding="UTF-8"?>
<testsuite xmlns:xsi="http://www.w3.org/2001/XMLSchema-instance" xsi:noNamespaceSchemaLocation="https://maven.apache.org/surefire/maven-surefire-plugin/xsd/surefire-test-report.xsd" name="TestSuite" time="12.92" tests="8" errors="0" skipped="0" failures="0">
  <properties>
[...]
</properties>
  <testcase name="CorrectStatus_Code_Test" classname="StatusTest" time="2.238"/>
  <testcase name="Correct_String_Test" classname="StatusTest" time="1.426"/>
  <testcase name="Status_Wrong_Page_Test" classname="StatusTest" time="0.8"/>
  <testcase name="FighterNameIsCorrect" classname="RandomTest" time="1.076"/>
  <testcase name="Random_Name_Correct_Status_Test" classname="RandomTest" time="0.994"/>
  <testcase name="Random_Name_Incorrect_Status_Test" classname="RandomTest" time="0.794"/>
  <testcase name="submit_Same_Name" classname="RandomTest" time="1.561"/>
  <testcase name="UpdateFighter" classname="UpdateTest" time="0.792"/>
</testsuite>