<?xml version="1.0" encoding="UTF-8"?>
<!-- Generated by org.testng.reporters.JUnitXMLReporter -->
<testsuite ignored="0" hostname="Jimmys-MacBook-Pro.local" failures="0" tests="8" name="Regression" time="10.831" errors="0" timestamp="01 Nov 2020 00:52:58 GMT">
  <testcase classname="StatusTest" name="CorrectStatus_Code_Test" time="2.237"/>
  <testcase classname="StatusTest" name="Correct_String_Test" time="1.427"/>
  <testcase classname="StatusTest" name="Status_Wrong_Page_Test" time="0.801"/>
  <testcase classname="RandomTest" name="FighterNameIsCorrect" time="1.075"/>
  <testcase classname="RandomTest" name="Random_Name_Correct_Status_Test" time="0.993"/>
  <testcase classname="RandomTest" name="Random_Name_Incorrect_Status_Test" time="0.794"/>
  <testcase classname="RandomTest" name="submit_Same_Name" time="1.561"/>
  <testcase classname="UpdateTest" name="UpdateFighter" time="0.794"/>
</testsuite> <!-- Regression -->
